[33m[nodemon] 1.18.11[39m
[33m[nodemon] to restart at any time, enter `rs`[39m
[33m[nodemon] watching: *.*[39m
[32m[nodemon] starting `npm start`[39m

> wswmexpress@0.0.0 start /home/felixxseol/dev/WSWMexpress
> node ./bin/www

REQ.QUERY.KEYWORD : ì•„íŒŒíŠ¸
REQ.QUERY.COORDINATE : 126.9783882,37.5666103
{"status":"OK","meta":{"totalCount":108951,"count":5},"places":[{"name":"ë…ë¦½ë¬¸ì‚¼í˜¸ì•„íŒŒíŠ¸ì…ì£¼ìëŒ€í‘œíšŒì˜","road_address":"ì„œìš¸íŠ¹ë³„ì‹œ ì„œëŒ€ë¬¸êµ¬ ë…ë¦½ë¬¸ë¡œ 10","jibun_address":"ì„œìš¸íŠ¹ë³„ì‹œ ì„œëŒ€ë¬¸êµ¬ ì˜ì²œë™ 100","phone_number":"02-365-2461","x":"126.9587193","y":"37.5701036","distance":1775.327927144288,"sessionId":"PHB1fmoBe9kwkY1_ytcc"},{"name":"ê²½í¬ê¶ìì´3ë‹¨ì§€ì•„íŒŒíŠ¸","road_address":"","jibun_address":"ì„œìš¸íŠ¹ë³„ì‹œ ì¢…ë¡œêµ¬ í‰ë™ 4-3","phone_number":"","x":"126.9659909","y":"37.5691438","distance":1127.6274584467642,"sessionId":"z0N2fmoBLhmWpuc1uZkq"},{"name":"ê´‘í™”ë¬¸í’ë¦¼ìŠ¤í˜ì´ìŠ¤ë³¸ì•„íŒŒíŠ¸","road_address":"ì„œìš¸íŠ¹ë³„ì‹œ ì¢…ë¡œêµ¬ ì‚¬ì§ë¡œ8ê¸¸ 4","jibun_address":"ì„œìš¸íŠ¹ë³„ì‹œ ì¢…ë¡œêµ¬ ì‚¬ì§ë™ 9","phone_number":"","x":"126.9686008","y":"37.5744035","distance":1221.881581915749,"sessionId":"H_x1fmoBZphKmN8Q0rh0"},{"name":"ì¶©ë¬´ë¡œì—˜í¬ë£¨ë©”íŠ¸ë¡œì‹œí‹°2ì°¨ì•„íŒŒíŠ¸","road_address":"ì„œìš¸íŠ¹ë³„ì‹œ ì¤‘êµ¬ í‡´ê³„ë¡œ49ê¸¸ 14","jibun_address":"ì„œìš¸íŠ¹ë³„ì‹œ ì¤‘êµ¬ ì¶©ë¬´ë¡œ5ê°€ 36-2","phone_number":"","x":"126.9999580","y":"37.5634352","distance":1932.3631316536057,"sessionId":"1j52fmoBLhmWpuc1SJ5m"},{"name":"ê²½í¬ê¶ìì´2ë‹¨ì§€ì•„íŒŒíŠ¸","road_address":"ì„œìš¸íŠ¹ë³„ì‹œ ì¢…ë¡œêµ¬ ì†¡ì›”ê¸¸ 99","jibun_address":"ì„œìš¸íŠ¹ë³„ì‹œ ì¢…ë¡œêµ¬ í™íŒŒë™ 199","phone_number":"","x":"126.9638823","y":"37.5708753","distance":1362.692582106838,"sessionId":"XAR1fmoBa_oNbPaCXrkS"}],"errorMessage":""}
[0mGET /?keyword=%EC%95%84%ED%8C%8C%ED%8A%B8&coordinate=126.9783882,37.5666103 [32m200 [0m175.724 ms - 1644[0m
REQ.QUERY.KEYWORD : ì•„íŒ¥
REQ.QUERY.COORDINATE : 126.9783882,37.5666103
{"status":"OK","meta":{"totalCount":108988,"count":5},"places":[{"name":"ê´‘í™”ë¬¸í’ë¦¼ìŠ¤í˜ì´ìŠ¤ë³¸ì•„íŒŒíŠ¸","road_address":"ì„œìš¸íŠ¹ë³„ì‹œ ì¢…ë¡œêµ¬ ì‚¬ì§ë¡œ8ê¸¸ 4","jibun_address":"ì„œìš¸íŠ¹ë³„ì‹œ ì¢…ë¡œêµ¬ ì‚¬ì§ë™ 9","phone_number":"","x":"126.9686008","y":"37.5744035","distance":1221.881581915749,"sessionId":"H_x1fmoBZphKmN8Q0rh0"},{"name":"ê²½í¬ê¶ìì´3ë‹¨ì§€ì•„íŒŒíŠ¸","road_address":"","jibun_address":"ì„œìš¸íŠ¹ë³„ì‹œ ì¢…ë¡œêµ¬ í‰ë™ 4-3","phone_number":"","x":"126.9659909","y":"37.5691438","distance":1127.6274584467642,"sessionId":"z0N2fmoBLhmWpuc1uZkq"},{"name":"ê²½í¬ê¶ìì´2ë‹¨ì§€ì•„íŒŒíŠ¸","road_address":"ì„œìš¸íŠ¹ë³„ì‹œ ì¢…ë¡œêµ¬ ì†¡ì›”ê¸¸ 99","jibun_address":"ì„œìš¸íŠ¹ë³„ì‹œ ì¢…ë¡œêµ¬ í™íŒŒë™ 199","phone_number":"","x":"126.9638823","y":"37.5708753","distance":1362.692582106838,"sessionId":"XAR1fmoBa_oNbPaCXrkS"},{"name":"ë…ë¦½ë¬¸ê·¹ë™ì•„íŒŒíŠ¸","road_address":"ì„œìš¸íŠ¹ë³„ì‹œ ì„œëŒ€ë¬¸êµ¬ ë…ë¦½ë¬¸ê³µì›ê¸¸ 17","jibun_address":"ì„œìš¸íŠ¹ë³„ì‹œ ì„œëŒ€ë¬¸êµ¬ í˜„ì €ë™ 200","phone_number":"","x":"126.9568617","y":"37.5722894","distance":1998.2195694265906,"sessionId":"azx2fmoBLhmWpuc1I4u4"},{"name":"ë•ìˆ˜ê¶ë¡¯ë°ìºìŠ¬ì•„íŒŒíŠ¸","road_address":"ì„œìš¸íŠ¹ë³„ì‹œ ì¤‘êµ¬ ì„œì†Œë¬¸ë¡œ9ê¸¸ 28","jibun_address":"ì„œìš¸íŠ¹ë³„ì‹œ ì¤‘êµ¬ ìˆœí™”ë™ 217","phone_number":"","x":"126.9702356","y":"37.5638607","distance":780.3821912903867,"sessionId":"ODt2fmoBLhmWpuc1EZ_u"}],"errorMessage":""}
[0mGET /?keyword=%EC%95%84%ED%8C%A5&coordinate=126.9783882,37.5666103 [32m200 [0m51.983 ms - 1599[0m
REQ.QUERY.KEYWORD : ì•„íŒŒíŠ¸
REQ.QUERY.COORDINATE : 126.9783882,37.5666103
{"status":"OK","meta":{"totalCount":108951,"count":5},"places":[{"name":"ê´‘í™”ë¬¸í’ë¦¼ìŠ¤í˜ì´ìŠ¤ë³¸ì•„íŒŒíŠ¸","road_address":"ì„œìš¸íŠ¹ë³„ì‹œ ì¢…ë¡œêµ¬ ì‚¬ì§ë¡œ8ê¸¸ 4","jibun_address":"ì„œìš¸íŠ¹ë³„ì‹œ ì¢…ë¡œêµ¬ ì‚¬ì§ë™ 9","phone_number":"","x":"126.9686008","y":"37.5744035","distance":1221.881581915749,"sessionId":"H_x1fmoBZphKmN8Q0rh0"},{"name":"ë•ìˆ˜ê¶ë¡¯ë°ìºìŠ¬ì•„íŒŒíŠ¸","road_address":"ì„œìš¸íŠ¹ë³„ì‹œ ì¤‘êµ¬ ì„œì†Œë¬¸ë¡œ9ê¸¸ 28","jibun_address":"ì„œìš¸íŠ¹ë³„ì‹œ ì¤‘êµ¬ ìˆœí™”ë™ 217","phone_number":"","x":"126.9702356","y":"37.5638607","distance":780.3821912903867,"sessionId":"ODt2fmoBLhmWpuc1EZ_u"},{"name":"ê²½í¬ê¶ìì´2ë‹¨ì§€ì•„íŒŒíŠ¸","road_address":"ì„œìš¸íŠ¹ë³„ì‹œ ì¢…ë¡œêµ¬ ì†¡ì›”ê¸¸ 99","jibun_address":"ì„œìš¸íŠ¹ë³„ì‹œ ì¢…ë¡œêµ¬ í™íŒŒë™ 199","phone_number":"","x":"126.9638823","y":"37.5708753","distance":1362.692582106838,"sessionId":"XAR1fmoBa_oNbPaCXrkS"},{"name":"ì •ë™ìƒë¦¼ì›ì•„íŒŒíŠ¸","road_address":"ì„œìš¸íŠ¹ë³„ì‹œ ì¤‘êµ¬ ì •ë™ê¸¸ 21-31","jibun_address":"ì„œìš¸íŠ¹ë³„ì‹œ ì¤‘êµ¬ ì •ë™ 15-6","phone_number":"02-545-1153","x":"126.9709067","y":"37.5682744","distance":684.4072721226122,"sessionId":"zG11fmoBe9kwkY1_h23-"},{"name":"ë¬´ì•…í˜„ëŒ€ì•„íŒŒíŠ¸","road_address":"ì„œìš¸íŠ¹ë³„ì‹œ ì¢…ë¡œêµ¬ í†µì¼ë¡œ 246-20","jibun_address":"ì„œìš¸íŠ¹ë³„ì‹œ ì¢…ë¡œêµ¬ ë¬´ì•…ë™ 82","phone_number":"02-722-0422","x":"126.9603060","y":"37.5751953","distance":1856.4249809410467,"sessionId":"-8x2fmoBOAUY6uUlOAoh"}],"errorMessage":""}
[0mGET /?keyword=%EC%95%84%ED%8C%8C%ED%8A%B8&coordinate=126.9783882,37.5666103 [32m200 [0m59.385 ms - 1634[0m
REQ.QUERY.KEYWORD : ì•„íŒ¥
REQ.QUERY.COORDINATE : 126.9783882,37.5666103
{"status":"OK","meta":{"totalCount":108988,"count":5},"places":[{"name":"ê´‘í™”ë¬¸í’ë¦¼ìŠ¤í˜ì´ìŠ¤ë³¸ì•„íŒŒíŠ¸","road_address":"ì„œìš¸íŠ¹ë³„ì‹œ ì¢…ë¡œêµ¬ ì‚¬ì§ë¡œ8ê¸¸ 4","jibun_address":"ì„œìš¸íŠ¹ë³„ì‹œ ì¢…ë¡œêµ¬ ì‚¬ì§ë™ 9","phone_number":"","x":"126.9686008","y":"37.5744035","distance":1221.881581915749,"sessionId":"H_x1fmoBZphKmN8Q0rh0"},{"name":"ê²½í¬ê¶ìì´2ë‹¨ì§€ì•„íŒŒíŠ¸","road_address":"ì„œìš¸íŠ¹ë³„ì‹œ ì¢…ë¡œêµ¬ ì†¡ì›”ê¸¸ 99","jibun_address":"ì„œìš¸íŠ¹ë³„ì‹œ ì¢…ë¡œêµ¬ í™íŒŒë™ 199","phone_number":"","x":"126.9638823","y":"37.5708753","distance":1362.692582106838,"sessionId":"XAR1fmoBa_oNbPaCXrkS"},{"name":"ë…ë¦½ë¬¸ê·¹ë™ì•„íŒŒíŠ¸","road_address":"ì„œìš¸íŠ¹ë³„ì‹œ ì„œëŒ€ë¬¸êµ¬ ë…ë¦½ë¬¸ê³µì›ê¸¸ 17","jibun_address":"ì„œìš¸íŠ¹ë³„ì‹œ ì„œëŒ€ë¬¸êµ¬ í˜„ì €ë™ 200","phone_number":"","x":"126.9568617","y":"37.5722894","distance":1998.2195694265906,"sessionId":"azx2fmoBLhmWpuc1I4u4"},{"name":"ë•ìˆ˜ê¶ë¡¯ë°ìºìŠ¬ì•„íŒŒíŠ¸","road_address":"ì„œìš¸íŠ¹ë³„ì‹œ ì¤‘êµ¬ ì„œì†Œë¬¸ë¡œ9ê¸¸ 28","jibun_address":"ì„œìš¸íŠ¹ë³„ì‹œ ì¤‘êµ¬ ìˆœí™”ë™ 217","phone_number":"","x":"126.9702356","y":"37.5638607","distance":780.3821912903867,"sessionId":"ODt2fmoBLhmWpuc1EZ_u"},{"name":"ë¬´ì•…í˜„ëŒ€ì•„íŒŒíŠ¸","road_address":"ì„œìš¸íŠ¹ë³„ì‹œ ì¢…ë¡œêµ¬ í†µì¼ë¡œ 246-20","jibun_address":"ì„œìš¸íŠ¹ë³„ì‹œ ì¢…ë¡œêµ¬ ë¬´ì•…ë™ 82","phone_number":"02-722-0422","x":"126.9603060","y":"37.5751953","distance":1856.4249809410467,"sessionId":"-8x2fmoBOAUY6uUlOAoh"}],"errorMessage":""}
[0mGET /?keyword=%EC%95%84%ED%8C%A5&coordinate=126.9783882,37.5666103 [32m200 [0m55.900 ms - 1644[0m
REQ.QUERY.KEYWORD : ì•„íŒ¥íŒŒíŠ¸
REQ.QUERY.COORDINATE : 126.9783882,37.5666103
{"status":"OK","meta":{"totalCount":0,"count":0},"places":[],"errorMessage":""}
[0mGET /?keyword=%EC%95%84%ED%8C%A5%ED%8C%8C%ED%8A%B8&coordinate=126.9783882,37.5666103 [32m200 [0m37.755 ms - 97[0m
REQ.QUERY.KEYWORD : ì•„íŒŒíŠ¸
REQ.QUERY.COORDINATE : 126.9783882,37.5666103
{"status":"OK","meta":{"totalCount":108951,"count":5},"places":[{"name":"ê´‘í™”ë¬¸í’ë¦¼ìŠ¤í˜ì´ìŠ¤ë³¸ì•„íŒŒíŠ¸","road_address":"ì„œìš¸íŠ¹ë³„ì‹œ ì¢…ë¡œêµ¬ ì‚¬ì§ë¡œ8ê¸¸ 4","jibun_address":"ì„œìš¸íŠ¹ë³„ì‹œ ì¢…ë¡œêµ¬ ì‚¬ì§ë™ 9","phone_number":"","x":"126.9686008","y":"37.5744035","distance":1221.881581915749,"sessionId":"H_x1fmoBZphKmN8Q0rh0"},{"name":"ê²½í¬ê¶ìì´2ë‹¨ì§€ì•„íŒŒíŠ¸","road_address":"ì„œìš¸íŠ¹ë³„ì‹œ ì¢…ë¡œêµ¬ ì†¡ì›”ê¸¸ 99","jibun_address":"ì„œìš¸íŠ¹ë³„ì‹œ ì¢…ë¡œêµ¬ í™íŒŒë™ 199","phone_number":"","x":"126.9638823","y":"37.5708753","distance":1362.692582106838,"sessionId":"XAR1fmoBa_oNbPaCXrkS"},{"name":"ë•ìˆ˜ê¶ë¡¯ë°ìºìŠ¬ì•„íŒŒíŠ¸","road_address":"ì„œìš¸íŠ¹ë³„ì‹œ ì¤‘êµ¬ ì„œì†Œë¬¸ë¡œ9ê¸¸ 28","jibun_address":"ì„œìš¸íŠ¹ë³„ì‹œ ì¤‘êµ¬ ìˆœí™”ë™ 217","phone_number":"","x":"126.9702356","y":"37.5638607","distance":780.3821912903867,"sessionId":"ODt2fmoBLhmWpuc1EZ_u"},{"name":"ëˆì˜ë¬¸ë™ë¶€ì„¼íŠ¸ë ˆë¹Œì•„íŒŒíŠ¸","road_address":"ì„œìš¸íŠ¹ë³„ì‹œ ì„œëŒ€ë¬¸êµ¬ ë…ë¦½ë¬¸ë¡œ14ê¸¸ 33","jibun_address":"ì„œìš¸íŠ¹ë³„ì‹œ ì„œëŒ€ë¬¸êµ¬ ëƒ‰ì²œë™ 261","phone_number":"","x":"126.9613883","y":"37.5663289","distance":1497.65874016424,"sessionId":"s3F1fmoBe9kwkY1_3vvk"},{"name":"ì¶©ì •ì•„íŒŒíŠ¸","road_address":"ì„œìš¸íŠ¹ë³„ì‹œ ì„œëŒ€ë¬¸êµ¬ ì¶©ì •ë¡œ 30","jibun_address":"ì„œìš¸íŠ¹ë³„ì‹œ ì„œëŒ€ë¬¸êµ¬ ì¶©ì •ë¡œ3ê°€ 250-5","phone_number":"","x":"126.9640355","y":"37.5614688","distance":1387.3140167807887,"sessionId":"ffd1fmoBZphKmN8QfvJv"}],"errorMessage":""}
[0mGET /?keyword=%EC%95%84%ED%8C%8C%ED%8A%B8&coordinate=126.9783882,37.5666103 [32m200 [0m57.204 ms - 1645[0m
REQ.QUERY.KEYWORD : ì¤‘ë¦¼ì¥
REQ.QUERY.COORDINATE : 126.9783882,37.5666103
{"status":"OK","meta":{"totalCount":1,"count":1},"places":[{"name":"ì¤‘ë¦¼ì¥ì„¤ë íƒ•","road_address":"ì„œìš¸íŠ¹ë³„ì‹œ ì¤‘êµ¬ ì²­íŒŒë¡œ 459-1","jibun_address":"ì„œìš¸íŠ¹ë³„ì‹œ ì¤‘êµ¬ ì¤‘ë¦¼ë™ 468","phone_number":"02-392-7743","x":"126.9676871","y":"37.5602964","distance":1175.0314032402634,"sessionId":"ZfZ1fmoBZphKmN8Qa8tt"}],"errorMessage":""}
[0mGET /?keyword=%EC%A4%91%EB%A6%BC%EC%9E%A5&coordinate=126.9783882,37.5666103 [32m200 [0m125.593 ms - 396[0m
REQ.QUERY.KEYWORD : í‘ì„
REQ.QUERY.COORDINATE : 126.9783882,37.5666103
{"status":"OK","meta":{"totalCount":578,"count":5},"places":[{"name":"í‘ì„ì—­ 9í˜¸ì„ ","road_address":"ì„œìš¸íŠ¹ë³„ì‹œ ë™ì‘êµ¬ í˜„ì¶©ë¡œ 90","jibun_address":"ì„œìš¸íŠ¹ë³„ì‹œ ë™ì‘êµ¬ í‘ì„ë™ 4","phone_number":"02-2656-0919","x":"126.9634070","y":"37.5091762","distance":6517.161746586993,"sessionId":"XAF2fmoBZphKmN8QJTCI"},{"name":"ë‹¥í„°ë¡œë¹ˆ í‘ì„ì ","road_address":"ì„œìš¸íŠ¹ë³„ì‹œ ë™ì‘êµ¬ í˜„ì¶©ë¡œ 124 1, 2F","jibun_address":"ì„œìš¸íŠ¹ë³„ì‹œ ë™ì‘êµ¬ í‘ì„ë™ 42-1 1, 2F","phone_number":"02-3280-3103","x":"126.9674301","y":"37.5065179","distance":6746.916839276736,"sessionId":"pwR1fmoBa_oNbPaCVTz9"},{"name":"êµì´Œì¹˜í‚¨ í‘ì„1í˜¸ì ","road_address":"ì„œìš¸íŠ¹ë³„ì‹œ ë™ì‘êµ¬ í‘ì„ë¡œ 116 1ì¸µ,2ì¸µ","jibun_address":"ì„œìš¸íŠ¹ë³„ì‹œ ë™ì‘êµ¬ í‘ì„ë™ 180-6 1ì¸µ,2ì¸µ","phone_number":"02-814-3377","x":"126.9616814","y":"37.5087132","distance":6599.794548163472,"sessionId":"DzF1fmoBLhmWpuc1WHS0"},{"name":"í‘ì„ë™ë™ì–‘ì•„íŒŒíŠ¸","road_address":"ì„œìš¸íŠ¹ë³„ì‹œ ë™ì‘êµ¬ ì„œë‹¬ë¡œ1ê¸¸ 17","jibun_address":"ì„œìš¸íŠ¹ë³„ì‹œ ë™ì‘êµ¬ í‘ì„ë™ 328","phone_number":"","x":"126.9585765","y":"37.5004204","distance":7559.367411575036,"sessionId":"cnZ2fmoBe9kwkY1_O5GM"},{"name":"í‘ì„ë™ìœ ì•¤ë¯¸ì•„íŒŒíŠ¸","road_address":"ì„œìš¸íŠ¹ë³„ì‹œ ë™ì‘êµ¬ ì„œë‹¬ë¡œ 83","jibun_address":"ì„œìš¸íŠ¹ë³„ì‹œ ë™ì‘êµ¬ í‘ì„ë™ 329","phone_number":"","x":"126.9597721","y":"37.5001922","distance":7560.486239745997,"sessionId":"SMp2fmoBOAUY6uUlFzhQ"}],"errorMessage":""}
[0mGET /?keyword=%ED%9D%91%EC%84%9D&coordinate=126.9783882,37.5666103 [32m200 [0m130.350 ms - 1653[0m
REQ.QUERY.KEYWORD : undefined
REQ.QUERY.COORDINATE : undefined
{"status":"INVALID_REQUEST","errorMessage":"coordinate is INVALID"}
[0mGET / [32m200 [0m127.125 ms - 77[0m
[0mGET /favicon.ico [33m404 [0m3.581 ms - 150[0m
REQ.QUERY.KEYWORD : í‘ì„ì—­
REQ.QUERY.COORDINATE : 126.9783882,37.5666103
{"status":"OK","meta":{"totalCount":26,"count":5},"places":[{"name":"í‘ì„ì—­ 9í˜¸ì„ ","road_address":"ì„œìš¸íŠ¹ë³„ì‹œ ë™ì‘êµ¬ í˜„ì¶©ë¡œ 90","jibun_address":"ì„œìš¸íŠ¹ë³„ì‹œ ë™ì‘êµ¬ í‘ì„ë™ 4","phone_number":"02-2656-0919","x":"126.9634070","y":"37.5091762","distance":6517.161746586993,"sessionId":"XAF2fmoBZphKmN8QJTCI"},{"name":"í‘ì„ì—­(ì¤‘ì•™ëŒ€ì…êµ¬)3ë²ˆì¶œêµ¬","road_address":"","jibun_address":"ì„œìš¸íŠ¹ë³„ì‹œ ë™ì‘êµ¬ í‘ì„ë™","phone_number":"","x":"126.9638370","y":"37.5084121","distance":6592.85933069607,"sessionId":"ucp2fmoBOAUY6uUlGVVr"},{"name":"í‘ì„ì—­(ì¤‘ì•™ëŒ€ì…êµ¬)1ë²ˆì¶œêµ¬","road_address":"","jibun_address":"ì„œìš¸íŠ¹ë³„ì‹œ ë™ì‘êµ¬ í‘ì„ë™","phone_number":"","x":"126.9635781","y":"37.5092983","distance":6500.832492222848,"sessionId":"EkJ2fmoBLhmWpuc1ixXK"},{"name":"í‘ì„ì—­(ì¤‘ì•™ëŒ€ì…êµ¬)2ë²ˆì¶œêµ¬","road_address":"","jibun_address":"ì„œìš¸íŠ¹ë³„ì‹œ ë™ì‘êµ¬ í‘ì„ë™","phone_number":"","x":"126.9641676","y":"37.5086201","distance":6564.566370505021,"sessionId":"asB1fmoBOAUY6uUlbq8G"},{"name":"í‘ì„ì—­1ë²ˆì¶œêµ¬ìì „ê±°ëŒ€ì—¬ì†Œ","road_address":"","jibun_address":"ì„œìš¸íŠ¹ë³„ì‹œ ë™ì‘êµ¬ í‘ì„ë™","phone_number":"","x":"126.9636150","y":"37.5093800","distance":6491.286112972735,"sessionId":"8S91fmoBLhmWpuc1LhkM"}],"errorMessage":""}
[0mGET /?keyword=%ED%9D%91%EC%84%9D%EC%97%AD&coordinate=126.9783882,37.5666103 [32m200 [0m48.233 ms - 1465[0m
REQ.QUERY.KEYWORD : undefined
REQ.QUERY.COORDINATE : undefined
{"status":"INVALID_REQUEST","errorMessage":"coordinate is INVALID"}
[0mGET / [36m304 [0m52.990 ms - -[0m
[0mGET /favicon.ico [33m404 [0m0.542 ms - 150[0m
REQ.QUERY.KEYWORD : ë…ë¦½
REQ.QUERY.COORDINATE : 126.9826754,37.5430859
{"status":"OK","meta":{"totalCount":745,"count":5},"places":[{"name":"ë…ë¦½ë¬¸ì—­ 3í˜¸ì„ ","road_address":"ì„œìš¸íŠ¹ë³„ì‹œ ì„œëŒ€ë¬¸êµ¬ í†µì¼ë¡œ 247","jibun_address":"ì„œìš¸íŠ¹ë³„ì‹œ ì„œëŒ€ë¬¸êµ¬ í˜„ì €ë™ 101","phone_number":"02-6110-3261","x":"126.9579287","y":"37.5744604","distance":4111.743517064082,"sessionId":"b1GZg2oBLhmWpuc1YTTJ"},{"name":"ë…ë¦½ë¬¸","road_address":"","jibun_address":"ì„œìš¸íŠ¹ë³„ì‹œ ì„œëŒ€ë¬¸êµ¬ í˜„ì €ë™ 941","phone_number":"","x":"126.9595516","y":"37.5724281","distance":3844.4878977267263,"sessionId":"jR2Zg2oBZphKmN8Qxt5Y"},{"name":"ë…ë¦½ì¹´ì¸ ","road_address":"ì„œìš¸íŠ¹ë³„ì‹œ ë§ˆí¬êµ¬ ì—°ë‚¨ë¡œ 19","jibun_address":"ì„œìš¸íŠ¹ë³„ì‹œ ë§ˆí¬êµ¬ ì—°ë‚¨ë™ 566-56","phone_number":"02-333-1574","x":"126.9224339","y":"37.5613985","distance":5683.769516822944,"sessionId":"SteYg2oBOAUY6uUly4xh"},{"name":"ë…ë¦½ë¬¸ì‚¼í˜¸ì•„íŒŒíŠ¸","road_address":"ì„œìš¸íŠ¹ë³„ì‹œ ì„œëŒ€ë¬¸êµ¬ ë…ë¦½ë¬¸ë¡œ 10 ë…ë¦½ë¬¸ì‚¼í˜¸ì•„íŒŒíŠ¸","jibun_address":"ì„œìš¸íŠ¹ë³„ì‹œ ì„œëŒ€ë¬¸êµ¬ ì˜ì²œë™ 100","phone_number":"","x":"126.9587193","y":"37.5701036","distance":3669.6918562972623,"sessionId":"OiGYg2oBa_oNbPaC_QZZ"},{"name":"ë…ë¦½ë¬¸ì—­1ë²ˆì¶œêµ¬","road_address":"","jibun_address":"ì„œìš¸íŠ¹ë³„ì‹œ ì¢…ë¡œêµ¬ ë¬´ì•…ë™","phone_number":"","x":"126.9573281","y":"37.5751421","distance":4204.017850468721,"sessionId":"wuWZg2oBOAUY6uUlxEi1"}],"errorMessage":""}
[0mGET /?keyword=%EB%8F%85%EB%A6%BD&coordinate=126.9826754,37.5430859 [32m200 [0m49.392 ms - 1542[0m
Killed
[33m[nodemon] 1.18.11[39m
[33m[nodemon] to restart at any time, enter `rs`[39m
[33m[nodemon] watching: *.*[39m
[32m[nodemon] starting `npm start`[39m

> wswmexpress@0.0.0 start /home/felixxseol/dev/WSWMexpress
> node ./bin/www

REQ.QUERY.KEYWORD : undefined
REQ.QUERY.COORDINATE : undefined
{"status":"INVALID_REQUEST","errorMessage":"coordinate is INVALID"}
[0mGET / [36m304 [0m82.459 ms - -[0m
[0mGET /favicon.ico [33m404 [0m3.542 ms - 150[0m
REQ.QUERY.KEYWORD : ã„´ã„¹ã…‡
REQ.QUERY.COORDINATE : 126.9495407,37.554906
{"status":"OK","meta":{"totalCount":3559,"count":5},"places":[{"name":"ë†€ëŸ¬ì™€ë³¼ë§ì„¼í„°","road_address":"ì„œìš¸íŠ¹ë³„ì‹œ ì„œëŒ€ë¬¸êµ¬ ì´í™”ì—¬ëŒ€1ê¸¸ 10 ì˜ˆìŠ¤ì—ì´í”¼ì— ","jibun_address":"ì„œìš¸íŠ¹ë³„ì‹œ ì„œëŒ€ë¬¸êµ¬ ëŒ€í˜„ë™ 145","phone_number":"02-6373-7005","x":"126.9449269","y":"37.5576484","distance":507.9884723321868,"sessionId":"TlPmjWoBa_oNbPaCJFZJ"},{"name":"OKë…¸ë˜ì—°ìŠµì¥","road_address":"ì„œìš¸íŠ¹ë³„ì‹œ ë§ˆí¬êµ¬ í† ì •ë¡œ 314","jibun_address":"ì„œìš¸íŠ¹ë³„ì‹œ ë§ˆí¬êµ¬ ìš©ê°•ë™ 51-1","phone_number":"","x":"126.9436120","y":"37.5396280","distance":1776.2270035859092,"sessionId":"6LDmjWoBe9kwkY1_Nbv-"},{"name":"ë‚˜ë ¤ìš”ê°€&í•„ë¼í…ŒìŠ¤","road_address":"ì„œìš¸íŠ¹ë³„ì‹œ ì„œëŒ€ë¬¸êµ¬ ì‹ ì´Œì—­ë¡œ 31","jibun_address":"ì„œìš¸íŠ¹ë³„ì‹œ ì„œëŒ€ë¬¸êµ¬ ëŒ€í˜„ë™ 110-1","phone_number":"02-362-5557","x":"126.9418991","y":"37.5588507","distance":803.2863283499285,"sessionId":"gnDljWoBLhmWpuc1Ome8"},{"name":"ë‚˜ë¼ì™€ì¸ í˜„ëŒ€ë°±í™”ì ì‹ ì´Œì ","road_address":"ì„œìš¸íŠ¹ë³„ì‹œ ì„œëŒ€ë¬¸êµ¬ ì‹ ì´Œë¡œ 83 í˜„ëŒ€ë°±í™”ì ì‹ ì´Œì  B1","jibun_address":"ì„œìš¸íŠ¹ë³„ì‹œ ì„œëŒ€ë¬¸êµ¬ ì°½ì²œë™ 30-33 í˜„ëŒ€ë°±í™”ì ì‹ ì´Œì  B1","phone_number":"02-3145-2029","x":"126.9359770","y":"37.5558880","distance":1199.8254962490273,"sessionId":"s0zljWoBa_oNbPaCrDFh"},{"name":"ì¹´ë°€ë¡œë¼ìë„¤ë¦¬ì•„","road_address":"ì„œìš¸íŠ¹ë³„ì‹œ ë§ˆí¬êµ¬ ë™êµë¡œ12ê¸¸ 41","jibun_address":"ì„œìš¸íŠ¹ë³„ì‹œ ë§ˆí¬êµ¬ ì„œêµë™ 382-13","phone_number":"02-332-8622","x":"126.9129112","y":"37.5525766","distance":3237.201770010306,"sessionId":"FjbljWoBZphKmN8QMobk"}],"errorMessage":""}
[0mGET /?keyword=%E3%84%B4%E3%84%B9%E3%85%87&coordinate=126.9495407,37.554906 [32m200 [0m56.431 ms - 1753[0m
REQ.QUERY.KEYWORD : 
REQ.QUERY.COORDINATE : 126.9495407,37.554906
{"status":"OK","meta":{"totalCount":0,"count":0},"places":[],"errorMessage":""}
[0mGET /?keyword=&coordinate=126.9495407,37.554906 [32m200 [0m43.697 ms - 97[0m
REQ.QUERY.KEYWORD : í•œêµ­
REQ.QUERY.COORDINATE : 126.9495407,37.554906
{"status":"OK","meta":{"totalCount":53636,"count":5},"places":[{"name":"í•œêµ­ìƒì¥íšŒì‚¬í˜‘ì˜íšŒ","road_address":"ì„œìš¸íŠ¹ë³„ì‹œ ë§ˆí¬êµ¬ ë…ë§‰ë¡œ 279 2ì¸µ, 7~9ì¸µ","jibun_address":"ì„œìš¸íŠ¹ë³„ì‹œ ë§ˆí¬êµ¬ ëŒ€í¥ë™ 485-1","phone_number":"02-2087-7000","x":"126.9446416","y":"37.5455046","distance":1130.3289740947182,"sessionId":"M0XmjWoBZphKmN8QOzmI"},{"name":"KMIí•œêµ­ì˜í•™ì—°êµ¬ì†Œ","road_address":"ì„œìš¸íŠ¹ë³„ì‹œ ì¢…ë¡œêµ¬ ì„¸ì¢…ëŒ€ë¡œ23ê¸¸ 54","jibun_address":"ì„œìš¸íŠ¹ë³„ì‹œ ì¢…ë¡œêµ¬ ë‹¹ì£¼ë™ 100","phone_number":"1599-7070","x":"126.9733103","y":"37.5718322","distance":2814.441690199689,"sessionId":"FgXljWoBOAUY6uUlivt3"},{"name":"í•œêµ­ê¸°ë…êµì„ êµ 100ì£¼ë…„ê¸°ë…êµíšŒ","road_address":"ì„œìš¸íŠ¹ë³„ì‹œ ë§ˆí¬êµ¬ ì–‘í™”ì§„ê¸¸ 46 ì–‘í™”ì§„í™ë³´ê´€","jibun_address":"ì„œìš¸íŠ¹ë³„ì‹œ ë§ˆí¬êµ¬ í•©ì •ë™ 144","phone_number":"02-332-9177","x":"126.9113630","y":"37.5464750","distance":3491.402793766156,"sessionId":"jUPljWoBa_oNbPaCIvdR"},{"name":"í•œêµ­ì§€ë°©ì¬ì •ê³µì œíšŒ","road_address":"ì„œìš¸íŠ¹ë³„ì‹œ ë§ˆí¬êµ¬ ë§ˆí¬ëŒ€ë¡œ 136 ì§€ë°©ì¬ì •íšŒê´€","jibun_address":"ì„œìš¸íŠ¹ë³„ì‹œ ë§ˆí¬êµ¬ ê³µë•ë™ 253-42","phone_number":"02-3274-2114","x":"126.9531700","y":"37.5463650","distance":1001.485928360729,"sessionId":"q23kjWoBLhmWpuc1-WuK"},{"name":"í•œêµ­íˆ¬ìì¦ê¶Œ ë§ˆí¬ì§€ì ","road_address":"ì„œìš¸íŠ¹ë³„ì‹œ ë§ˆí¬êµ¬ ë§ˆí¬ëŒ€ë¡œ 68 ë§ˆí¬ì•„í¬ë¡œíƒ€ì›Œ","jibun_address":"ì„œìš¸íŠ¹ë³„ì‹œ ë§ˆí¬êµ¬ ë„í™”ë™ 563 ì•„í¬ë¡œíƒ€ì›Œ 3ì¸µ","phone_number":"1544-5000","x":"126.9487875","y":"37.5412583","distance":1517.9834966970745,"sessionId":"OzbljWoBZphKmN8QMofk"}],"errorMessage":""}
[0mGET /?keyword=%ED%95%9C%EA%B5%AD&coordinate=126.9495407,37.554906 [32m200 [0m41.735 ms - 1790[0m
REQ.QUERY.KEYWORD : 
REQ.QUERY.COORDINATE : 126.9495407,37.554906
{"status":"OK","meta":{"totalCount":0,"count":0},"places":[],"errorMessage":""}
[0mGET /?keyword=&coordinate=126.9495407,37.554906 [36m304 [0m44.249 ms - -[0m
REQ.QUERY.KEYWORD : undefined
REQ.QUERY.COORDINATE : undefined
{"status":"INVALID_REQUEST","errorMessage":"coordinate is INVALID"}
[0mGET / [36m304 [0m40.003 ms - -[0m
[0mGET /favicon.ico [33m404 [0m3.262 ms - 150[0m
[0mGET /searchPlace/?keyword=api&coordinate=126.9783882,37.5666103 [33m404 [0m0.775 ms - 151[0m
[0mGET /searchPlace/?keyword=apart&coordinate=126.9783882,37.5666103 [33m404 [0m0.647 ms - 151[0m
[32m[nodemon] restarting due to changes...[39m
[32m[nodemon] starting `npm start`[39m

> wswmexpress@0.0.0 start /home/felixxseol/dev/WSWMexpress
> node ./bin/www

REQ.QUERY.KEYWORD : ì•„íŒŒíŠ¸
REQ.QUERY.COORDINATE : 126.9783882,37.5666103
{"status":"OK","meta":{"totalCount":108948,"count":5},"places":[{"name":"ì²œì—°ëœ¨ë€ì±„ì•„íŒŒíŠ¸","road_address":"ì„œìš¸íŠ¹ë³„ì‹œ ì„œëŒ€ë¬¸êµ¬ ë…ë¦½ë¬¸ë¡œ8ê¸¸ 54","jibun_address":"ì„œìš¸íŠ¹ë³„ì‹œ ì„œëŒ€ë¬¸êµ¬ ì²œì—°ë™ 145","phone_number":"","x":"126.9579974","y":"37.5676518","distance":1799.7079760220192,"sessionId":"QFbmjWoBa_oNbPaCYfTi"},{"name":"ë•ìˆ˜ê¶ë¡¯ë°ìºìŠ¬ì•„íŒŒíŠ¸","road_address":"ì„œìš¸íŠ¹ë³„ì‹œ ì¤‘êµ¬ ì„œì†Œë¬¸ë¡œ9ê¸¸ 28","jibun_address":"ì„œìš¸íŠ¹ë³„ì‹œ ì¤‘êµ¬ ìˆœí™”ë™ 217","phone_number":"","x":"126.9702356","y":"37.5638607","distance":780.3821912903867,"sessionId":"on7mjWoBLhmWpuc1NDgH"},{"name":"ì •ë™ìƒë¦¼ì›ì•„íŒŒíŠ¸","road_address":"ì„œìš¸íŠ¹ë³„ì‹œ ì¤‘êµ¬ ì •ë™ê¸¸ 21-31","jibun_address":"ì„œìš¸íŠ¹ë³„ì‹œ ì¤‘êµ¬ ì •ë™ 15-6","phone_number":"02-545-1153","x":"126.9709067","y":"37.5682744","distance":684.4072721226122,"sessionId":"2E7ljWoBa_oNbPaCyyaA"},{"name":"ê´‘í™”ë¬¸í’ë¦¼ìŠ¤í˜ì´ìŠ¤ë³¸ì•„íŒŒíŠ¸","road_address":"ì„œìš¸íŠ¹ë³„ì‹œ ì¢…ë¡œêµ¬ ì‚¬ì§ë¡œ8ê¸¸ 4","jibun_address":"ì„œìš¸íŠ¹ë³„ì‹œ ì¢…ë¡œêµ¬ ì‚¬ì§ë™ 9","phone_number":"","x":"126.9686008","y":"37.5744035","distance":1221.881581915749,"sessionId":"Q3HljWoBLhmWpuc1RiCp"},{"name":"ê²½í¬ê¶ìì´3ë‹¨ì§€ì•„íŒŒíŠ¸","road_address":"","jibun_address":"ì„œìš¸íŠ¹ë³„ì‹œ ì¢…ë¡œêµ¬ í‰ë™ 4-3","phone_number":"","x":"126.9659909","y":"37.5691438","distance":1127.6274584467642,"sessionId":"YRPmjWoBOAUY6uUlgzM0"}],"errorMessage":""}
[0mGET /searchPlace/?keyword=%EC%95%84%ED%8C%8C%ED%8A%B8&coordinate=126.9783882,37.5666103 [32m200 [0m174.433 ms - 1596[0m
[32m[nodemon] restarting due to changes...[39m
[32m[nodemon] starting `npm start`[39m

> wswmexpress@0.0.0 start /home/felixxseol/dev/WSWMexpress
> node ./bin/www

[0mGET /searchPlace/?keyword=%EC%95%84%ED%8C%8C%ED%8A%B8&coordinate=126.9783882,37.5666103 [33m404 [0m7.005 ms - 151[0m
[0mGET /searchPlace/?keyword=%EC%95%84%ED%8C%8C%ED%8A%B8&coordinate=126.9783882,37.5666103 [33m404 [0m0.762 ms - 151[0m
[0mGET /searchPlace/?keyword=%EC%95%84%ED%8C%8C%ED%8A%B8&coordinate=126.9783882,37.5666103 [33m404 [0m0.499 ms - 151[0m
REQ.QUERY.KEYWORD : í•œêµ­
REQ.QUERY.COORDINATE : 126.9783882,37.5666103
{"status":"OK","meta":{"totalCount":53718,"count":5},"places":[{"name":"í•œêµ­ê´€ê´‘ê³µì‚¬ ì„œìš¸ì„¼í„°","road_address":"ì„œìš¸íŠ¹ë³„ì‹œ ì¤‘êµ¬ ì²­ê³„ì²œë¡œ 40 í•œêµ­ê´€ê´‘ê³µì‚¬","jibun_address":"ì„œìš¸íŠ¹ë³„ì‹œ ì¤‘êµ¬ ë‹¤ë™ 10","phone_number":"02-729-9474","x":"126.9815714","y":"37.5685941","distance":356.65136825400737,"sessionId":"A240mGoBZphKmN8QmMxE"},{"name":"í•œêµ­í”„ë ˆìŠ¤ì„¼í„°","road_address":"ì„œìš¸íŠ¹ë³„ì‹œ ì¤‘êµ¬ ì„¸ì¢…ëŒ€ë¡œ 124","jibun_address":"ì„œìš¸íŠ¹ë³„ì‹œ ì¤‘êµ¬ íƒœí‰ë¡œ1ê°€ 25","phone_number":"02-2001-7114","x":"126.9778959","y":"37.5675592","distance":114.00935133904662,"sessionId":"l3s0mGoBa_oNbPaCdN1Z"},{"name":"í•œêµ­ë¬´ì—­ë³´í—˜ê³µì‚¬ë³¸ì‚¬","road_address":"ì„œìš¸íŠ¹ë³„ì‹œ ì¢…ë¡œêµ¬ ì¢…ë¡œ 14","jibun_address":"ì„œìš¸íŠ¹ë³„ì‹œ ì¢…ë¡œêµ¬ ì„œë¦°ë™ 136","phone_number":"1588-3884","x":"126.9788778","y":"37.5698846","distance":366.38674053680285,"sessionId":"pDg0mGoBOAUY6uUlQ05p"},{"name":"í•œêµ­ì”¨í‹°ì€í–‰ ì„œìš¸ì„¼í„°","road_address":"ì„œìš¸íŠ¹ë³„ì‹œ ì¢…ë¡œêµ¬ ìƒˆë¬¸ì•ˆë¡œ 50","jibun_address":"ì„œìš¸íŠ¹ë³„ì‹œ ì¢…ë¡œêµ¬ ì‹ ë¬¸ë¡œ2ê°€ 89-29","phone_number":"02-2004-2155","x":"126.9705564","y":"37.5689122","distance":735.7016943227159,"sessionId":"GHg0mGoBa_oNbPaCOsFP"},{"name":"í•œêµ­ì •ë³´í™”ì§„í¥ì› ì„œìš¸ì‚¬ë¬´ì†Œ","road_address":"ì„œìš¸íŠ¹ë³„ì‹œ ì¤‘êµ¬ ì²­ê³„ì²œë¡œ 14 í•œêµ­ì •ë³´í™”ì§„í¥ì›","jibun_address":"ì„œìš¸íŠ¹ë³„ì‹œ ì¤‘êµ¬ ë¬´êµë™ 77","phone_number":"02-6191-2114","x":"126.9789535","y":"37.5688512","distance":253.9378776364175,"sessionId":"ynMzmGoBa_oNbPaC1VMg"}],"errorMessage":""}
[0mGET /?keyword=%ED%95%9C%EA%B5%AD&coordinate=126.9783882,37.5666103 [32m200 [0m116.156 ms - 1717[0m
[0mGET /test/ [33m404 [0m0.555 ms - 144[0m
[0mGET /test/ [33m404 [0m0.573 ms - 144[0m
[0mGET /test/ [33m404 [0m0.439 ms - 144[0m
[0mGET /test/ [33m404 [0m0.409 ms - 144[0m
[0mGET /test/ [33m404 [0m0.364 ms - 144[0m
[0mGET /test/ [33m404 [0m0.417 ms - 144[0m
REQ.QUERY.KEYWORD : í•œê¸€
REQ.QUERY.COORDINATE : 126.9783882,37.5666103
{"status":"OK","meta":{"totalCount":606,"count":5},"places":[{"name":"í•œê·¸ë¥µ","road_address":"ì„œìš¸íŠ¹ë³„ì‹œ ì¢…ë¡œêµ¬ ìˆ˜í‘œë¡œ28ê¸¸ 21-11","jibun_address":"ì„œìš¸íŠ¹ë³„ì‹œ ì¢…ë¡œêµ¬ ìµì„ ë™ 166-48","phone_number":"02-744-7813","x":"126.9897268","y":"37.5733815","distance":1250.367654724362,"sessionId":"5Tg0mGoBOAUY6uUlRWyr"},{"name":"êµ­ë¦½í•œê¸€ë°•ë¬¼ê´€","road_address":"ì„œìš¸íŠ¹ë³„ì‹œ ìš©ì‚°êµ¬ ì„œë¹™ê³ ë¡œ 139","jibun_address":"ì„œìš¸íŠ¹ë³„ì‹œ ìš©ì‚°êµ¬ ìš©ì‚°ë™6ê°€ 168-6","phone_number":"02-2124-6200","x":"126.9809191","y":"37.5211823","distance":5052.88201165569,"sessionId":"dGg0mGoBZphKmN8QIGDJ"},{"name":"í•œê¸€íšŒê´€","road_address":"ì„œìš¸íŠ¹ë³„ì‹œ ì¢…ë¡œêµ¬ ìƒˆë¬¸ì•ˆë¡œ3ê¸¸ 7","jibun_address":"ì„œìš¸íŠ¹ë³„ì‹œ ì¢…ë¡œêµ¬ ì‹ ë¬¸ë¡œ1ê°€ 58-14","phone_number":"","x":"126.9723980","y":"37.5708950","distance":710.6628757747529,"sessionId":"Ni8zmGoBOAUY6uUlta4Y"},{"name":"ì„œì´Œ êµ­ì‹œí•œê·¸ë¦‡","road_address":"ì„œìš¸íŠ¹ë³„ì‹œ ì¢…ë¡œêµ¬ í•„ìš´ëŒ€ë¡œ 61","jibun_address":"ì„œìš¸íŠ¹ë³„ì‹œ ì¢…ë¡œêµ¬ ì˜¥ì¸ë™ 41","phone_number":"010-2496-2576","x":"126.9683271","y":"37.5814787","distance":1874.7869092420353,"sessionId":"vGk0mGoBZphKmN8QMlYY"},{"name":"í•œê¸€ê°€ì˜¨ê¸¸","road_address":"","jibun_address":"ì„œìš¸íŠ¹ë³„ì‹œ ì¢…ë¡œêµ¬ ì„¸ì¢…ë¡œ","phone_number":"","x":"126.9727532","y":"37.5716226","distance":746.0110735615581,"sessionId":"MNQ0mGoBe9kwkY1_bCS-"}],"errorMessage":""}
[0mGET /?keyword=%ED%95%9C%EA%B8%80&coordinate=126.9783882,37.5666103 [32m200 [0m52.075 ms - 1571[0m
Killed

npm ERR! Linux 4.15.0-47-generic
npm ERR! argv "/usr/bin/node" "/usr/bin/npm" "start"
npm ERR! node v8.10.0
npm ERR! npm  v3.5.2
npm ERR! code ELIFECYCLE
npm ERR! wswmexpress@0.0.0 start: `node ./bin/www`
npm ERR! Exit status 137
npm ERR! 
npm ERR! Failed at the wswmexpress@0.0.0 start script 'node ./bin/www'.
npm ERR! Make sure you have the latest version of node.js and npm installed.
npm ERR! If you do, this is most likely a problem with the wswmexpress package,
npm ERR! not with npm itself.
npm ERR! Tell the author that this fails on your system:
npm ERR!     node ./bin/www
npm ERR! You can get information on how to open an issue for this project with:
npm ERR!     npm bugs wswmexpress
npm ERR! Or if that isn't available, you can get their info via:
npm ERR!     npm owner ls wswmexpress
npm ERR! There is likely additional logging output above.

npm ERR! Please include the following file with any support request:
npm ERR!     /home/felixxseol/dev/WSWMexpress/npm-debug.log
[33m[nodemon] 1.18.11[39m
[33m[nodemon] to restart at any time, enter `rs`[39m
[33m[nodemon] watching: *.*[39m
[32m[nodemon] starting `node app.js`[39m
[32m[nodemon] clean exit - waiting for changes before restart[39m
